<?xml version="1.0" encoding="UTF-8"?>
<testsuite name="com.codigndojo.demo.DemoApplicationTests" tests="1" skipped="0" failures="0" errors="0" timestamp="2022-08-29T11:26:26" hostname="ABDULLAHKIMRIGH" time="0.553">
  <properties/>
  <testcase name="contextLoads()" classname="com.codigndojo.demo.DemoApplicationTests" time="0.553"/>
  <system-out><![CDATA[14:26:24.419 [Test worker] DEBUG org.springframework.test.context.BootstrapUtils - Instantiating CacheAwareContextLoaderDelegate from class [org.springframework.test.context.cache.DefaultCacheAwareContextLoaderDelegate]
14:26:24.428 [Test worker] DEBUG org.springframework.test.context.BootstrapUtils - Instantiating BootstrapContext using constructor [public org.springframework.test.context.support.DefaultBootstrapContext(java.lang.Class,org.springframework.test.context.CacheAwareContextLoaderDelegate)]
14:26:24.453 [Test worker] DEBUG org.springframework.test.context.BootstrapUtils - Instantiating TestContextBootstrapper for test class [com.codigndojo.demo.DemoApplicationTests] from class [org.springframework.boot.test.context.SpringBootTestContextBootstrapper]
14:26:24.461 [Test worker] INFO org.springframework.boot.test.context.SpringBootTestContextBootstrapper - Neither @ContextConfiguration nor @ContextHierarchy found for test class [com.codigndojo.demo.DemoApplicationTests], using SpringBootContextLoader
14:26:24.465 [Test worker] DEBUG org.springframework.test.context.support.AbstractContextLoader - Did not detect default resource location for test class [com.codigndojo.demo.DemoApplicationTests]: class path resource [com/codigndojo/demo/DemoApplicationTests-context.xml] does not exist
14:26:24.465 [Test worker] DEBUG org.springframework.test.context.support.AbstractContextLoader - Did not detect default resource location for test class [com.codigndojo.demo.DemoApplicationTests]: class path resource [com/codigndojo/demo/DemoApplicationTestsContext.groovy] does not exist
14:26:24.465 [Test worker] INFO org.springframework.test.context.support.AbstractContextLoader - Could not detect default resource locations for test class [com.codigndojo.demo.DemoApplicationTests]: no resource found for suffixes {-context.xml, Context.groovy}.
14:26:24.466 [Test worker] INFO org.springframework.test.context.support.AnnotationConfigContextLoaderUtils - Could not detect default configuration classes for test class [com.codigndojo.demo.DemoApplicationTests]: DemoApplicationTests does not declare any static, non-private, non-final, nested classes annotated with @Configuration.
14:26:24.501 [Test worker] DEBUG org.springframework.test.context.support.ActiveProfilesUtils - Could not find an 'annotation declaring class' for annotation type [org.springframework.test.context.ActiveProfiles] and class [com.codigndojo.demo.DemoApplicationTests]
14:26:24.545 [Test worker] DEBUG org.springframework.context.annotation.ClassPathScanningCandidateComponentProvider - Identified candidate component class: file [C:\Users\abo0o\Desktop\Gradle-workspace\build\classes\java\main\com\codigndojo\demo\DemoApplication.class]
14:26:24.546 [Test worker] INFO org.springframework.boot.test.context.SpringBootTestContextBootstrapper - Found @SpringBootConfiguration com.codigndojo.demo.DemoApplication for test class com.codigndojo.demo.DemoApplicationTests
14:26:24.615 [Test worker] DEBUG org.springframework.boot.test.context.SpringBootTestContextBootstrapper - @TestExecutionListeners is not present for class [com.codigndojo.demo.DemoApplicationTests]: using defaults.
14:26:24.616 [Test worker] INFO org.springframework.boot.test.context.SpringBootTestContextBootstrapper - Loaded default TestExecutionListener class names from location [META-INF/spring.factories]: [org.springframework.boot.test.autoconfigure.restdocs.RestDocsTestExecutionListener, org.springframework.boot.test.autoconfigure.web.client.MockRestServiceServerResetTestExecutionListener, org.springframework.boot.test.autoconfigure.web.servlet.MockMvcPrintOnlyOnFailureTestExecutionListener, org.springframework.boot.test.autoconfigure.web.servlet.WebDriverTestExecutionListener, org.springframework.boot.test.autoconfigure.webservices.client.MockWebServiceServerTestExecutionListener, org.springframework.boot.test.mock.mockito.MockitoTestExecutionListener, org.springframework.boot.test.mock.mockito.ResetMocksTestExecutionListener, org.springframework.test.context.web.ServletTestExecutionListener, org.springframework.test.context.support.DirtiesContextBeforeModesTestExecutionListener, org.springframework.test.context.event.ApplicationEventsTestExecutionListener, org.springframework.test.context.support.DependencyInjectionTestExecutionListener, org.springframework.test.context.support.DirtiesContextTestExecutionListener, org.springframework.test.context.transaction.TransactionalTestExecutionListener, org.springframework.test.context.jdbc.SqlScriptsTestExecutionListener, org.springframework.test.context.event.EventPublishingTestExecutionListener]
14:26:24.626 [Test worker] DEBUG org.springframework.boot.test.context.SpringBootTestContextBootstrapper - Skipping candidate TestExecutionListener [org.springframework.test.context.transaction.TransactionalTestExecutionListener] due to a missing dependency. Specify custom listener classes or make the default listener classes and their required dependencies available. Offending class: [org/springframework/transaction/interceptor/TransactionAttributeSource]
14:26:24.627 [Test worker] DEBUG org.springframework.boot.test.context.SpringBootTestContextBootstrapper - Skipping candidate TestExecutionListener [org.springframework.test.context.jdbc.SqlScriptsTestExecutionListener] due to a missing dependency. Specify custom listener classes or make the default listener classes and their required dependencies available. Offending class: [org/springframework/transaction/interceptor/TransactionAttribute]
14:26:24.627 [Test worker] INFO org.springframework.boot.test.context.SpringBootTestContextBootstrapper - Using TestExecutionListeners: [org.springframework.test.context.web.ServletTestExecutionListener@74cadd41, org.springframework.test.context.support.DirtiesContextBeforeModesTestExecutionListener@2e54db99, org.springframework.test.context.event.ApplicationEventsTestExecutionListener@55e8ec2f, org.springframework.boot.test.mock.mockito.MockitoTestExecutionListener@4f2613d1, org.springframework.boot.test.autoconfigure.SpringBootDependencyInjectionTestExecutionListener@6d24ffa1, org.springframework.test.context.support.DirtiesContextTestExecutionListener@65a4798f, org.springframework.test.context.event.EventPublishingTestExecutionListener@773f7880, org.springframework.boot.test.autoconfigure.restdocs.RestDocsTestExecutionListener@878452d, org.springframework.boot.test.autoconfigure.web.client.MockRestServiceServerResetTestExecutionListener@426b6a74, org.springframework.boot.test.autoconfigure.web.servlet.MockMvcPrintOnlyOnFailureTestExecutionListener@4c51bb7, org.springframework.boot.test.autoconfigure.web.servlet.WebDriverTestExecutionListener@83298d7, org.springframework.boot.test.autoconfigure.webservices.client.MockWebServiceServerTestExecutionListener@42a9e5d1, org.springframework.boot.test.mock.mockito.ResetMocksTestExecutionListener@5b080f3a]
14:26:24.629 [Test worker] DEBUG org.springframework.test.context.support.AbstractDirtiesContextTestExecutionListener - Before test class: context [DefaultTestContext@1de5f0ef testClass = DemoApplicationTests, testInstance = [null], testMethod = [null], testException = [null], mergedContextConfiguration = [WebMergedContextConfiguration@376a312c testClass = DemoApplicationTests, locations = '{}', classes = '{class com.codigndojo.demo.DemoApplication}', contextInitializerClasses = '[]', activeProfiles = '{}', propertySourceLocations = '{}', propertySourceProperties = '{org.springframework.boot.test.context.SpringBootTestContextBootstrapper=true}', contextCustomizers = set[org.springframework.boot.test.autoconfigure.actuate.metrics.MetricsExportContextCustomizerFactory$DisableMetricExportContextCustomizer@76f4b65, org.springframework.boot.test.autoconfigure.properties.PropertyMappingContextCustomizer@0, org.springframework.boot.test.autoconfigure.web.servlet.WebDriverContextCustomizerFactory$Customizer@24ba9639, org.springframework.boot.test.context.filter.ExcludeFilterContextCustomizer@7749bf93, org.springframework.boot.test.json.DuplicateJsonObjectContextCustomizerFactory$DuplicateJsonObjectContextCustomizer@8c3619e, org.springframework.boot.test.mock.mockito.MockitoContextCustomizer@0, org.springframework.boot.test.web.client.TestRestTemplateContextCustomizer@27d4a09, org.springframework.boot.test.context.SpringBootTestArgs@1, org.springframework.boot.test.context.SpringBootTestWebEnvironment@34f7cfd9], resourceBasePath = 'src/main/webapp', contextLoader = 'org.springframework.boot.test.context.SpringBootContextLoader', parent = [null]], attributes = map['org.springframework.test.context.web.ServletTestExecutionListener.activateListener' -> true]], class annotated with @DirtiesContext [false] with mode [null].

  .   ____          _            __ _ _
 /\\ / ___'_ __ _ _(_)_ __  __ _ \ \ \ \
( ( )\___ | '_ | '_| | '_ \/ _` | \ \ \ \
 \\/  ___)| |_)| | | | | || (_| |  ) ) ) )
  '  |____| .__|_| |_|_| |_\__, | / / / /
 =========|_|==============|___/=/_/_/_/
 :: Spring Boot ::                (v2.7.3)

2022-08-29 14:26:24.849  INFO 43828 --- [    Test worker] c.codigndojo.demo.DemoApplicationTests   : Starting DemoApplicationTests using Java 18.0.2.1 on AbdullahKimrigh with PID 43828 (started by abo0o in C:\Users\abo0o\Desktop\Gradle-workspace)
2022-08-29 14:26:24.850  INFO 43828 --- [    Test worker] c.codigndojo.demo.DemoApplicationTests   : No active profile set, falling back to 1 default profile: "default"
2022-08-29 14:26:26.428  INFO 43828 --- [    Test worker] c.codigndojo.demo.DemoApplicationTests   : Started DemoApplicationTests in 1.768 seconds (JVM running for 3.07)
]]></system-out>
  <system-err><![CDATA[]]></system-err>
</testsuite>
